/var/spool/slurmd/job28158064/slurm_script: line 53: 2026292 Killed                  ./bf 7 2 >> output.$SLURM_JOBID.txt
terminate called after throwing an instance of 'std::bad_alloc'
  what():  std::bad_alloc
/var/spool/slurmd/job28158064/slurm_script: line 54: 2026954 Aborted                 ./bf 9 2 >> output.$SLURM_JOBID.txt
terminate called after throwing an instance of 'std::length_error'
  what():  cannot create std::vector larger than max_size()
/var/spool/slurmd/job28158064/slurm_script: line 55: 2026955 Aborted                 ./bf 10 2 >> output.$SLURM_JOBID.txt
terminate called after throwing an instance of 'std::length_error'
  what():  cannot create std::vector larger than max_size()
/var/spool/slurmd/job28158064/slurm_script: line 56: 2026956 Aborted                 ./bf 11 2 >> output.$SLURM_JOBID.txt
terminate called after throwing an instance of 'std::length_error'
  what():  cannot create std::vector larger than max_size()
/var/spool/slurmd/job28158064/slurm_script: line 57: 2026957 Aborted                 ./bf 12 2 >> output.$SLURM_JOBID.txt
terminate called after throwing an instance of 'std::length_error'
  what():  cannot create std::vector larger than max_size()
/var/spool/slurmd/job28158064/slurm_script: line 58: 2026958 Aborted                 ./bf 13 2 >> output.$SLURM_JOBID.txt
terminate called after throwing an instance of 'std::length_error'
  what():  cannot create std::vector larger than max_size()
/var/spool/slurmd/job28158064/slurm_script: line 59: 2026959 Aborted                 ./bf 14 2 >> output.$SLURM_JOBID.txt
terminate called after throwing an instance of 'std::length_error'
  what():  cannot create std::vector larger than max_size()
/var/spool/slurmd/job28158064/slurm_script: line 60: 2026960 Aborted                 ./bf 15 2 >> output.$SLURM_JOBID.txt
slurmstepd: error: Detected 1 oom_kill event in StepId=28158064.batch. Some of the step tasks have been OOM Killed.
