/var/spool/slurmd/job28211491/slurm_script: line 52: 2018138 Killed                  ./bf 7 2 >> output.$SLURM_JOBID.txt
terminate called after throwing an instance of 'std::bad_alloc'
  what():  std::bad_alloc
/var/spool/slurmd/job28211491/slurm_script: line 53: 2018779 Aborted                 ./bf 9 2 >> output.$SLURM_JOBID.txt
terminate called after throwing an instance of 'std::length_error'
  what():  cannot create std::vector larger than max_size()
/var/spool/slurmd/job28211491/slurm_script: line 54: 2018780 Aborted                 ./bf 10 2 >> output.$SLURM_JOBID.txt
terminate called after throwing an instance of 'std::length_error'
  what():  cannot create std::vector larger than max_size()
/var/spool/slurmd/job28211491/slurm_script: line 55: 2018781 Aborted                 ./bf 11 2 >> output.$SLURM_JOBID.txt
terminate called after throwing an instance of 'std::length_error'
  what():  cannot create std::vector larger than max_size()
/var/spool/slurmd/job28211491/slurm_script: line 56: 2018782 Aborted                 ./bf 12 2 >> output.$SLURM_JOBID.txt
terminate called after throwing an instance of 'std::length_error'
  what():  cannot create std::vector larger than max_size()
/var/spool/slurmd/job28211491/slurm_script: line 57: 2018783 Aborted                 ./bf 13 2 >> output.$SLURM_JOBID.txt
terminate called after throwing an instance of 'std::length_error'
  what():  cannot create std::vector larger than max_size()
/var/spool/slurmd/job28211491/slurm_script: line 58: 2018784 Aborted                 ./bf 14 2 >> output.$SLURM_JOBID.txt
terminate called after throwing an instance of 'std::length_error'
  what():  cannot create std::vector larger than max_size()
/var/spool/slurmd/job28211491/slurm_script: line 59: 2018785 Aborted                 ./bf 15 2 >> output.$SLURM_JOBID.txt
slurmstepd: error: Detected 1 oom_kill event in StepId=28211491.batch. Some of the step tasks have been OOM Killed.
