/var/spool/slurmd/job28171321/slurm_script: line 52: 490113 Killed                  ./bf 7 2 >> output.$SLURM_JOBID.txt
terminate called after throwing an instance of 'std::bad_alloc'
  what():  std::bad_alloc
/var/spool/slurmd/job28171321/slurm_script: line 53: 490451 Aborted                 ./bf 9 2 >> output.$SLURM_JOBID.txt
terminate called after throwing an instance of 'std::length_error'
  what():  cannot create std::vector larger than max_size()
/var/spool/slurmd/job28171321/slurm_script: line 54: 490453 Aborted                 ./bf 10 2 >> output.$SLURM_JOBID.txt
terminate called after throwing an instance of 'std::length_error'
  what():  cannot create std::vector larger than max_size()
/var/spool/slurmd/job28171321/slurm_script: line 55: 490454 Aborted                 ./bf 11 2 >> output.$SLURM_JOBID.txt
terminate called after throwing an instance of 'std::length_error'
  what():  cannot create std::vector larger than max_size()
/var/spool/slurmd/job28171321/slurm_script: line 56: 490455 Aborted                 ./bf 12 2 >> output.$SLURM_JOBID.txt
terminate called after throwing an instance of 'std::length_error'
  what():  cannot create std::vector larger than max_size()
/var/spool/slurmd/job28171321/slurm_script: line 57: 490456 Aborted                 ./bf 13 2 >> output.$SLURM_JOBID.txt
terminate called after throwing an instance of 'std::length_error'
  what():  cannot create std::vector larger than max_size()
/var/spool/slurmd/job28171321/slurm_script: line 58: 490457 Aborted                 ./bf 14 2 >> output.$SLURM_JOBID.txt
terminate called after throwing an instance of 'std::length_error'
  what():  cannot create std::vector larger than max_size()
/var/spool/slurmd/job28171321/slurm_script: line 59: 490458 Aborted                 ./bf 15 2 >> output.$SLURM_JOBID.txt
slurmstepd: error: Detected 1 oom_kill event in StepId=28171321.batch. Some of the step tasks have been OOM Killed.
