/var/spool/slurmd/job28171392/slurm_script: line 52: 1436492 Killed                  ./bf 7 2 >> output.$SLURM_JOBID.txt
terminate called after throwing an instance of 'std::bad_alloc'
  what():  std::bad_alloc
/var/spool/slurmd/job28171392/slurm_script: line 53: 1437354 Aborted                 ./bf 9 2 >> output.$SLURM_JOBID.txt
terminate called after throwing an instance of 'std::length_error'
  what():  cannot create std::vector larger than max_size()
/var/spool/slurmd/job28171392/slurm_script: line 54: 1437356 Aborted                 ./bf 10 2 >> output.$SLURM_JOBID.txt
terminate called after throwing an instance of 'std::length_error'
  what():  cannot create std::vector larger than max_size()
/var/spool/slurmd/job28171392/slurm_script: line 55: 1437357 Aborted                 ./bf 11 2 >> output.$SLURM_JOBID.txt
terminate called after throwing an instance of 'std::length_error'
  what():  cannot create std::vector larger than max_size()
/var/spool/slurmd/job28171392/slurm_script: line 56: 1437358 Aborted                 ./bf 12 2 >> output.$SLURM_JOBID.txt
terminate called after throwing an instance of 'std::length_error'
  what():  cannot create std::vector larger than max_size()
/var/spool/slurmd/job28171392/slurm_script: line 57: 1437359 Aborted                 ./bf 13 2 >> output.$SLURM_JOBID.txt
terminate called after throwing an instance of 'std::length_error'
  what():  cannot create std::vector larger than max_size()
/var/spool/slurmd/job28171392/slurm_script: line 58: 1437360 Aborted                 ./bf 14 2 >> output.$SLURM_JOBID.txt
terminate called after throwing an instance of 'std::length_error'
  what():  cannot create std::vector larger than max_size()
/var/spool/slurmd/job28171392/slurm_script: line 59: 1437361 Aborted                 ./bf 15 2 >> output.$SLURM_JOBID.txt
slurmstepd: error: Detected 1 oom_kill event in StepId=28171392.batch. Some of the step tasks have been OOM Killed.
